\BOOKMARK [0][-]{MUTESCHAPTER.1.0}{\376\377\000S\000u\000m\000\341\000r\000i\000o}{}% 1
\BOOKMARK [0][-]{CHAPTER.1}{\376\377\0001\000\040\000I\000n\000t\000r\000o\000d\000u\000\347\000\343\000o}{}% 2
\BOOKMARK [1][-]{section.1.1}{\376\377\0001\000.\0001\000\040\000O\000\040\000P\000r\000o\000b\000l\000e\000m\000a}{CHAPTER.1}% 3
\BOOKMARK [0][-]{CHAPTER.2}{\376\377\0002\000\040\000V\000i\000s\000\343\000o\000\040\000G\000e\000r\000a\000l\000\040\000d\000a\000\040\000L\000i\000n\000g\000u\000a\000g\000e\000m}{}% 4
\BOOKMARK [1][-]{section.2.1}{\376\377\0002\000.\0001\000\040\000M\000o\000d\000e\000l\000o\000\040\000F\000u\000n\000c\000i\000o\000n\000a\000l}{CHAPTER.2}% 5
\BOOKMARK [1][-]{section.2.2}{\376\377\0002\000.\0002\000\040\000M\000o\000d\000e\000l\000o\000\040\000O\000r\000i\000e\000n\000t\000a\000d\000o\000\040\000\340\000\040\000O\000b\000j\000e\000t\000o\000s}{CHAPTER.2}% 6
\BOOKMARK [2][-]{subsection.2.2.1}{\376\377\0002\000.\0002\000.\0001\000\040\000S\000o\000b\000r\000e\000\040\000o\000\040\000S\000u\000m\000\341\000r\000i\000o}{section.2.2}% 7
\BOOKMARK [3][-]{subsubsection.2.2.1.1}{\376\377\0002\000.\0002\000.\0001\000.\0001\000\040\000s\000o\000b\000r\000e\000\040\000a\000\040\000L\000i\000s\000t\000a\000\040\000d\000e\000\040\000A\000b\000r\000e\000v\000i\000a\000t\000u\000r\000a\000s\000\040\000e\000\040\000S\000i\000g\000l\000a\000s}{subsection.2.2.1}% 8
\BOOKMARK [3][-]{subsubsection.2.2.1.2}{\376\377\0002\000.\0002\000.\0001\000.\0002\000\040\000S\000o\000b\000r\000e\000\040\000a\000\040\000L\000i\000s\000t\000a\000\040\000d\000e\000\040\000S\000\355\000m\000b\000o\000l\000o\000s}{subsection.2.2.1}% 9
\BOOKMARK [3][-]{subsubsection.2.2.1.3}{\376\377\0002\000.\0002\000.\0001\000.\0003\000\040\000S\000o\000b\000r\000e\000\040\000a\000s\000\040\000L\000i\000s\000t\000a\000s\000\040\000d\000e\000\040\000F\000i\000g\000u\000r\000a\000s\000\040\000e\000\040\000d\000e\000\040\000T\000a\000b\000e\000l\000a\000s}{subsection.2.2.1}% 10
\BOOKMARK [2][-]{subsection.2.2.2}{\376\377\0002\000.\0002\000.\0002\000\040\000N\000u\000m\000e\000r\000a\000\347\000\343\000o\000\040\000d\000a\000s\000\040\000P\000\341\000g\000i\000n\000a\000s}{section.2.2}% 11
\BOOKMARK [0][-]{CHAPTER.3}{\376\377\0003\000\040\000A\000S\000\040\000I\000L\000U\000S\000T\000R\000A\000\307\000\325\000E\000S\000\040\000N\000O\000\040\000T\000E\000X\000T\000O}{}% 12
\BOOKMARK [1][-]{section.3.1}{\376\377\0003\000.\0001\000\040\000D\000e\000s\000c\000r\000i\000\347\000\343\000o\000\040\000d\000a\000s\000\040\000F\000i\000g\000u\000r\000a\000s}{CHAPTER.3}% 13
\BOOKMARK [1][-]{section.3.2}{\376\377\0003\000.\0002\000\040\000D\000e\000s\000c\000r\000i\000\347\000\343\000o\000\040\000d\000a\000s\000\040\000T\000a\000b\000e\000l\000a\000s}{CHAPTER.3}% 14
\BOOKMARK [0][-]{CHAPTER.4}{\376\377\0004\000\040\000S\000o\000b\000r\000e\000\040\000r\000e\000f\000e\000r\000\352\000n\000c\000i\000a\000s\000\040\000e\000\040\000c\000i\000t\000a\000\347\000\365\000e\000s}{}% 15
\BOOKMARK [1][-]{section.4.1}{\376\377\0004\000.\0001\000\040\000c\000i\000t\000a\000\347\000\365\000e\000s}{CHAPTER.4}% 16
\BOOKMARK [1][-]{section.4.2}{\376\377\0004\000.\0002\000\040\000C\000i\000t\000a\000\347\000\343\000o\000\040\000I\000n\000d\000i\000r\000e\000t\000a\000\040\000o\000u\000\040\000L\000i\000v\000r\000e\000\040\000\050\000p\000a\000r\000\341\000f\000r\000a\000s\000e\000\051}{CHAPTER.4}% 17
\BOOKMARK [1][-]{section.4.3}{\376\377\0004\000.\0003\000\040\000C\000i\000t\000a\000\347\000\343\000o\000\040\000D\000i\000r\000e\000t\000a\000\040\000o\000u\000\040\000T\000e\000x\000t\000u\000a\000l\000\040\000\050\000t\000r\000a\000n\000s\000c\000r\000i\000\347\000\343\000o\000\051}{CHAPTER.4}% 18
\BOOKMARK [1][-]{section.4.4}{\376\377\0004\000.\0004\000\040\000C\000i\000t\000a\000\347\000\343\000o\000\040\000d\000e\000\040\000C\000i\000t\000a\000\347\000\343\000o}{CHAPTER.4}% 19
\BOOKMARK [0][-]{CHAPTER.5}{\376\377\0005\000\040\000C\000O\000N\000C\000L\000U\000S\000\303\000O}{}% 20
